==11638== Memcheck, a memory error detector
==11638== Copyright (C) 2002-2015, and GNU GPL'd, by Julian Seward et al.
==11638== Using Valgrind-3.11.0 and LibVEX; rerun with -h for copyright info
==11638== Command: bin/xacto -p 9999
==11638== Parent PID: 11626
==11638== 
==11638== 
==11638== FILE DESCRIPTORS: 8 open at exit.
==11638== Open AF_INET socket 5: 0.0.0.0:9999 <-> unbound
==11638==    at 0x515F5A7: socket (syscall-template.S:84)
==11638==    by 0x403CAD: open_listenfd (csapp.c:1015)
==11638==    by 0x403DFF: Open_listenfd (csapp.c:1062)
==11638==    by 0x402155: main (main.c:47)
==11638== 
==11638== Open file descriptor 13: /dev/shm/bxf_arena_11624 (deleted)
==11638==    <inherited from parent>
==11638== 
==11638== Open file descriptor 11: /dev/shm/bxf_arena_11624 (deleted)
==11638==    <inherited from parent>
==11638== 
==11638== Open file descriptor 4:
==11638==    <inherited from parent>
==11638== 
==11638== Open file descriptor 3: /home/student/Desktop/fdai/hw5/valgrind.out
==11638==    <inherited from parent>
==11638== 
==11638== Open file descriptor 2: /dev/pts/0
==11638==    <inherited from parent>
==11638== 
==11638== Open file descriptor 1: /dev/pts/0
==11638==    <inherited from parent>
==11638== 
==11638== Open file descriptor 0:
==11638==    <inherited from parent>
==11638== 
==11638== 
==11638== HEAP SUMMARY:
==11638==     in use at exit: 4 bytes in 1 blocks
==11638==   total heap usage: 13 allocs, 12 frees, 7,284 bytes allocated
==11638== 
==11638== LEAK SUMMARY:
==11638==    definitely lost: 0 bytes in 0 blocks
==11638==    indirectly lost: 0 bytes in 0 blocks
==11638==      possibly lost: 0 bytes in 0 blocks
==11638==    still reachable: 4 bytes in 1 blocks
==11638==         suppressed: 0 bytes in 0 blocks
==11638== Reachable blocks (those to which a pointer was found) are not shown.
==11638== To see them, rerun with: --leak-check=full --show-leak-kinds=all
==11638== 
==11638== For counts of detected and suppressed errors, rerun with: -v
==11638== ERROR SUMMARY: 0 errors from 0 contexts (suppressed: 0 from 0)
